<?xml version="1.0" encoding="UTF-8"?>
<testng-results ignored="0" total="1" passed="1" failed="0" skipped="0">
  <reporter-output>
  </reporter-output>
  <suite started-at="2020-12-16T11:59:45 IST" name="Default suite" finished-at="2020-12-16T12:00:25 IST" duration-ms="40142">
    <groups>
    </groups>
    <test started-at="2020-12-16T11:59:45 IST" name="Default test" finished-at="2020-12-16T12:00:25 IST" duration-ms="40142">
      <class name="testcases.TC001">
        <test-method is-config="true" signature="launchApp()[pri:0, instance:testcases.TC001@3315d2d7]" started-at="2020-12-16T11:59:45 IST" name="launchApp" finished-at="2020-12-16T12:00:13 IST" duration-ms="27807" status="PASS">
          <reporter-output>
          </reporter-output>
        </test-method> <!-- launchApp -->
        <test-method is-config="true" signature="loginToApp()[pri:0, instance:testcases.TC001@3315d2d7]" started-at="2020-12-16T12:00:13 IST" name="loginToApp" finished-at="2020-12-16T12:00:14 IST" duration-ms="670" status="PASS">
          <reporter-output>
          </reporter-output>
        </test-method> <!-- loginToApp -->
        <test-method signature="copyTask()[pri:0, instance:testcases.TC001@3315d2d7]" started-at="2020-12-16T12:00:14 IST" name="copyTask" finished-at="2020-12-16T12:00:22 IST" duration-ms="8889" status="PASS">
          <reporter-output>
          </reporter-output>
        </test-method> <!-- copyTask -->
        <test-method is-config="true" signature="logoutFromApp(org.testng.ITestResult)[pri:0, instance:testcases.TC001@3315d2d7]" started-at="2020-12-16T12:00:22 IST" name="logoutFromApp" finished-at="2020-12-16T12:00:25 IST" duration-ms="2696" status="PASS">
          <params>
            <param index="0">
              <value>
                <![CDATA[[TestResult name=copyTask status=SUCCESS method=TC001.copyTask()[pri:0, instance:testcases.TC001@3315d2d7] output={null}]]]>
              </value>
            </param>
          </params>
          <reporter-output>
          </reporter-output>
        </test-method> <!-- logoutFromApp -->
      </class> <!-- testcases.TC001 -->
    </test> <!-- Default test -->
  </suite> <!-- Default suite -->
</testng-results>
